{"/home/max/workspace/allowance/src/main.ts": {"path":"/home/max/workspace/allowance/src/main.ts","statementMap":{"0":{"start":{"line":9,"column":17},"end":{"line":9,"column":null}},"1":{"start":{"line":10,"column":17},"end":{"line":10,"column":null}},"2":{"start":{"line":11,"column":2},"end":{"line":11,"column":null}},"3":{"start":{"line":15,"column":2},"end":{"line":17,"column":null}},"4":{"start":{"line":16,"column":4},"end":{"line":16,"column":null}},"5":{"start":{"line":20,"column":0},"end":{"line":20,"column":null}}},"fnMap":{"0":{"name":"main","decl":{"start":{"line":4,"column":22},"end":{"line":4,"column":null}},"loc":{"start":{"line":8,"column":17},"end":{"line":12,"column":null}},"line":8},"1":{"name":"runIfMain","decl":{"start":{"line":14,"column":16},"end":{"line":14,"column":26}},"loc":{"start":{"line":14,"column":76},"end":{"line":18,"column":null}},"line":14}},"branchMap":{"0":{"loc":{"start":{"line":15,"column":2},"end":{"line":17,"column":null}},"type":"if","locations":[{"start":{"line":15,"column":2},"end":{"line":17,"column":null}},{"start":{},"end":{}}],"line":15},"1":{"loc":{"start":{"line":15,"column":6},"end":{"line":15,"column":126}},"type":"binary-expr","locations":[{"start":{"line":15,"column":6},"end":{"line":15,"column":15}},{"start":{"line":15,"column":15},"end":{"line":15,"column":126}}],"line":15}},"s":{"0":2,"1":2,"2":1,"3":3,"4":1,"5":1},"f":{"0":2,"1":3},"b":{"0":[1,2],"1":[3,3]},"meta":{"lastBranch":2,"lastFunction":2,"lastStatement":6,"seen":{"f:4:22:4:Infinity":0,"s:9:17:9:Infinity":0,"s:10:17:10:Infinity":1,"s:11:2:11:Infinity":2,"f:14:16:14:26":1,"b:15:2:17:Infinity:undefined:undefined:undefined:undefined":0,"s:15:2:17:Infinity":3,"b:15:6:15:15:15:15:15:126":1,"s:16:4:16:Infinity":4,"s:20:0:20:Infinity":5},"fnNames":{}}}
,"/home/max/workspace/allowance/src/app/wiring.ts": {"path":"/home/max/workspace/allowance/src/app/wiring.ts","statementMap":{"0":{"start":{"line":6,"column":2},"end":{"line":6,"column":null}},"1":{"start":{"line":10,"column":2},"end":{"line":10,"column":null}},"2":{"start":{"line":10,"column":21},"end":{"line":10,"column":null}},"3":{"start":{"line":11,"column":2},"end":{"line":11,"column":null}},"4":{"start":{"line":15,"column":14},"end":{"line":15,"column":null}},"5":{"start":{"line":16,"column":2},"end":{"line":22,"column":null}},"6":{"start":{"line":27,"column":4},"end":{"line":31,"column":null}},"7":{"start":{"line":28,"column":6},"end":{"line":30,"column":null}},"8":{"start":{"line":29,"column":8},"end":{"line":29,"column":null}},"9":{"start":{"line":40,"column":20},"end":{"line":40,"column":null}},"10":{"start":{"line":41,"column":18},"end":{"line":41,"column":null}},"11":{"start":{"line":43,"column":2},"end":{"line":43,"column":null}}},"fnMap":{"0":{"name":"getExecErrorCode","decl":{"start":{"line":5,"column":9},"end":{"line":5,"column":26}},"loc":{"start":{"line":5,"column":56},"end":{"line":7,"column":null}},"line":5},"1":{"name":"isExecTimeout","decl":{"start":{"line":9,"column":9},"end":{"line":9,"column":23}},"loc":{"start":{"line":9,"column":54},"end":{"line":12,"column":null}},"line":9},"2":{"name":"handleExecResult","decl":{"start":{"line":14,"column":9},"end":{"line":14,"column":26}},"loc":{"start":{"line":14,"column":126},"end":{"line":23,"column":null}},"line":14},"3":{"name":"run","decl":{"start":{"line":26,"column":2},"end":{"line":26,"column":6}},"loc":{"start":{"line":26,"column":88},"end":{"line":32,"column":null}},"line":26},"4":{"name":"(anonymous_4)","decl":{"start":{"line":27,"column":15},"end":{"line":27,"column":24}},"loc":{"start":{"line":27,"column":36},"end":{"line":31,"column":5}},"line":27},"5":{"name":"(anonymous_5)","decl":{"start":{"line":28,"column":51},"end":{"line":28,"column":55}},"loc":{"start":{"line":28,"column":137},"end":{"line":30,"column":7}},"line":28},"6":{"name":"runApp","decl":{"start":{"line":35,"column":22},"end":{"line":35,"column":null}},"loc":{"start":{"line":39,"column":19},"end":{"line":44,"column":null}},"line":39}},"branchMap":{"0":{"loc":{"start":{"line":6,"column":9},"end":{"line":6,"column":null}},"type":"cond-expr","locations":[{"start":{"line":6,"column":42},"end":{"line":6,"column":55}},{"start":{"line":6,"column":55},"end":{"line":6,"column":null}}],"line":6},"1":{"loc":{"start":{"line":10,"column":2},"end":{"line":10,"column":null}},"type":"if","locations":[{"start":{"line":10,"column":2},"end":{"line":10,"column":null}},{"start":{},"end":{}}],"line":10},"2":{"loc":{"start":{"line":15,"column":14},"end":{"line":15,"column":null}},"type":"binary-expr","locations":[{"start":{"line":15,"column":14},"end":{"line":15,"column":23}},{"start":{"line":15,"column":23},"end":{"line":15,"column":null}}],"line":15},"3":{"loc":{"start":{"line":17,"column":10},"end":{"line":17,"column":null}},"type":"cond-expr","locations":[{"start":{"line":17,"column":16},"end":{"line":17,"column":40}},{"start":{"line":17,"column":40},"end":{"line":17,"column":null}}],"line":17},"4":{"loc":{"start":{"line":20,"column":14},"end":{"line":20,"column":null}},"type":"cond-expr","locations":[{"start":{"line":20,"column":20},"end":{"line":20,"column":41}},{"start":{"line":20,"column":41},"end":{"line":20,"column":null}}],"line":20}},"s":{"0":3,"1":3,"2":2,"3":1,"4":5,"5":5,"6":6,"7":6,"8":5,"9":4,"10":3,"11":3},"f":{"0":3,"1":3,"2":5,"3":6,"4":6,"5":5,"6":4},"b":{"0":[1,2],"1":[2,1],"2":[5,2],"3":[3,2],"4":[3,2]},"meta":{"lastBranch":5,"lastFunction":7,"lastStatement":12,"seen":{"f:5:9:5:26":0,"s:6:2:6:Infinity":0,"b:6:42:6:55:6:55:6:Infinity":0,"f:9:9:9:23":1,"b:10:2:10:Infinity:undefined:undefined:undefined:undefined":1,"s:10:2:10:Infinity":1,"s:10:21:10:Infinity":2,"s:11:2:11:Infinity":3,"f:14:9:14:26":2,"s:15:14:15:Infinity":4,"b:15:14:15:23:15:23:15:Infinity":2,"s:16:2:22:Infinity":5,"b:17:16:17:40:17:40:17:Infinity":3,"b:20:20:20:41:20:41:20:Infinity":4,"f:26:2:26:6":3,"s:27:4:31:Infinity":6,"f:27:15:27:24":4,"s:28:6:30:Infinity":7,"f:28:51:28:55":5,"s:29:8:29:Infinity":8,"f:35:22:35:Infinity":6,"s:40:20:40:Infinity":9,"s:41:18:41:Infinity":10,"s:43:2:43:Infinity":11},"fnNames":{}}}
,"/home/max/workspace/allowance/src/domain/helpers.ts": {"path":"/home/max/workspace/allowance/src/domain/helpers.ts","statementMap":{"0":{"start":{"line":2,"column":18},"end":{"line":2,"column":null}},"1":{"start":{"line":3,"column":16},"end":{"line":3,"column":null}},"2":{"start":{"line":4,"column":15},"end":{"line":4,"column":null}},"3":{"start":{"line":6,"column":16},"end":{"line":6,"column":null}},"4":{"start":{"line":7,"column":18},"end":{"line":7,"column":null}},"5":{"start":{"line":8,"column":15},"end":{"line":8,"column":null}},"6":{"start":{"line":10,"column":2},"end":{"line":13,"column":null}},"7":{"start":{"line":11,"column":27},"end":{"line":11,"column":null}},"8":{"start":{"line":12,"column":4},"end":{"line":12,"column":null}},"9":{"start":{"line":15,"column":2},"end":{"line":15,"column":null}}},"fnMap":{"0":{"name":"formatCountdown","decl":{"start":{"line":1,"column":16},"end":{"line":1,"column":32}},"loc":{"start":{"line":1,"column":71},"end":{"line":16,"column":null}},"line":1}},"branchMap":{"0":{"loc":{"start":{"line":10,"column":2},"end":{"line":13,"column":null}},"type":"if","locations":[{"start":{"line":10,"column":2},"end":{"line":13,"column":null}},{"start":{},"end":{}}],"line":10}},"s":{"0":3,"1":3,"2":3,"3":3,"4":3,"5":3,"6":3,"7":1,"8":1,"9":2},"f":{"0":3},"b":{"0":[1,2]},"meta":{"lastBranch":1,"lastFunction":1,"lastStatement":10,"seen":{"f:1:16:1:32":0,"s:2:18:2:Infinity":0,"s:3:16:3:Infinity":1,"s:4:15:4:Infinity":2,"s:6:16:6:Infinity":3,"s:7:18:7:Infinity":4,"s:8:15:8:Infinity":5,"b:10:2:13:Infinity:undefined:undefined:undefined:undefined":0,"s:10:2:13:Infinity":6,"s:11:27:11:Infinity":7,"s:12:4:12:Infinity":8,"s:15:2:15:Infinity":9},"fnNames":{}}}
,"/home/max/workspace/allowance/src/domain/types.ts": {"path":"/home/max/workspace/allowance/src/domain/types.ts","statementMap":{},"fnMap":{},"branchMap":{},"s":{},"f":{},"b":{},"meta":{"lastBranch":0,"lastFunction":0,"lastStatement":0,"seen":{},"fnNames":{}}}
,"/home/max/workspace/allowance/src/probes/kilo.ts": {"path":"/home/max/workspace/allowance/src/probes/kilo.ts","statementMap":{"0":{"start":{"line":16,"column":2},"end":{"line":16,"column":null}},"1":{"start":{"line":16,"column":28},"end":{"line":16,"column":null}},"2":{"start":{"line":17,"column":2},"end":{"line":17,"column":null}},"3":{"start":{"line":17,"column":21},"end":{"line":17,"column":null}},"4":{"start":{"line":18,"column":2},"end":{"line":18,"column":null}},"5":{"start":{"line":22,"column":2},"end":{"line":22,"column":null}},"6":{"start":{"line":22,"column":14},"end":{"line":22,"column":null}},"7":{"start":{"line":23,"column":2},"end":{"line":23,"column":null}},"8":{"start":{"line":27,"column":2},"end":{"line":27,"column":null}},"9":{"start":{"line":27,"column":25},"end":{"line":27,"column":null}},"10":{"start":{"line":28,"column":2},"end":{"line":28,"column":null}},"11":{"start":{"line":28,"column":20},"end":{"line":28,"column":null}},"12":{"start":{"line":29,"column":2},"end":{"line":29,"column":null}},"13":{"start":{"line":33,"column":2},"end":{"line":33,"column":null}},"14":{"start":{"line":33,"column":30},"end":{"line":33,"column":null}},"15":{"start":{"line":34,"column":2},"end":{"line":34,"column":null}},"16":{"start":{"line":34,"column":23},"end":{"line":34,"column":null}},"17":{"start":{"line":35,"column":2},"end":{"line":35,"column":null}},"18":{"start":{"line":35,"column":25},"end":{"line":35,"column":null}},"19":{"start":{"line":36,"column":2},"end":{"line":36,"column":null}},"20":{"start":{"line":40,"column":16},"end":{"line":40,"column":null}},"21":{"start":{"line":41,"column":2},"end":{"line":41,"column":null}},"22":{"start":{"line":41,"column":14},"end":{"line":41,"column":null}},"23":{"start":{"line":43,"column":17},"end":{"line":43,"column":null}},"24":{"start":{"line":44,"column":20},"end":{"line":44,"column":null}},"25":{"start":{"line":46,"column":27},"end":{"line":46,"column":null}},"26":{"start":{"line":47,"column":2},"end":{"line":47,"column":null}},"27":{"start":{"line":47,"column":31},"end":{"line":47,"column":null}},"28":{"start":{"line":49,"column":2},"end":{"line":49,"column":null}},"29":{"start":{"line":57,"column":17},"end":{"line":57,"column":null}},"30":{"start":{"line":58,"column":20},"end":{"line":58,"column":null}},"31":{"start":{"line":60,"column":20},"end":{"line":60,"column":null}},"32":{"start":{"line":61,"column":2},"end":{"line":63,"column":null}},"33":{"start":{"line":62,"column":4},"end":{"line":62,"column":null}},"34":{"start":{"line":65,"column":30},"end":{"line":65,"column":null}},"35":{"start":{"line":66,"column":2},"end":{"line":68,"column":null}},"36":{"start":{"line":67,"column":4},"end":{"line":67,"column":null}},"37":{"start":{"line":70,"column":2},"end":{"line":70,"column":null}}},"fnMap":{"0":{"name":"parseReference","decl":{"start":{"line":15,"column":9},"end":{"line":15,"column":24}},"loc":{"start":{"line":15,"column":72},"end":{"line":19,"column":null}},"line":15},"1":{"name":"isEnoent","decl":{"start":{"line":21,"column":9},"end":{"line":21,"column":18}},"loc":{"start":{"line":21,"column":42},"end":{"line":24,"column":null}},"line":21},"2":{"name":"hasFailed","decl":{"start":{"line":26,"column":9},"end":{"line":26,"column":19}},"loc":{"start":{"line":26,"column":57},"end":{"line":30,"column":null}},"line":26},"3":{"name":"checkRunnerError","decl":{"start":{"line":32,"column":9},"end":{"line":32,"column":26}},"loc":{"start":{"line":32,"column":75},"end":{"line":37,"column":null}},"line":32},"4":{"name":"parseBalance","decl":{"start":{"line":39,"column":9},"end":{"line":39,"column":22}},"loc":{"start":{"line":39,"column":106},"end":{"line":50,"column":null}},"line":39},"5":{"name":"probeKilo","decl":{"start":{"line":52,"column":22},"end":{"line":52,"column":null}},"loc":{"start":{"line":56,"column":26},"end":{"line":71,"column":null}},"line":56}},"branchMap":{"0":{"loc":{"start":{"line":16,"column":2},"end":{"line":16,"column":null}},"type":"if","locations":[{"start":{"line":16,"column":2},"end":{"line":16,"column":null}},{"start":{},"end":{}}],"line":16},"1":{"loc":{"start":{"line":17,"column":2},"end":{"line":17,"column":null}},"type":"if","locations":[{"start":{"line":17,"column":2},"end":{"line":17,"column":null}},{"start":{},"end":{}}],"line":17},"2":{"loc":{"start":{"line":22,"column":2},"end":{"line":22,"column":null}},"type":"if","locations":[{"start":{"line":22,"column":2},"end":{"line":22,"column":null}},{"start":{},"end":{}}],"line":22},"3":{"loc":{"start":{"line":27,"column":2},"end":{"line":27,"column":null}},"type":"if","locations":[{"start":{"line":27,"column":2},"end":{"line":27,"column":null}},{"start":{},"end":{}}],"line":27},"4":{"loc":{"start":{"line":28,"column":2},"end":{"line":28,"column":null}},"type":"if","locations":[{"start":{"line":28,"column":2},"end":{"line":28,"column":null}},{"start":{},"end":{}}],"line":28},"5":{"loc":{"start":{"line":33,"column":2},"end":{"line":33,"column":null}},"type":"if","locations":[{"start":{"line":33,"column":2},"end":{"line":33,"column":null}},{"start":{},"end":{}}],"line":33},"6":{"loc":{"start":{"line":34,"column":2},"end":{"line":34,"column":null}},"type":"if","locations":[{"start":{"line":34,"column":2},"end":{"line":34,"column":null}},{"start":{},"end":{}}],"line":34},"7":{"loc":{"start":{"line":35,"column":2},"end":{"line":35,"column":null}},"type":"if","locations":[{"start":{"line":35,"column":2},"end":{"line":35,"column":null}},{"start":{},"end":{}}],"line":35},"8":{"loc":{"start":{"line":41,"column":2},"end":{"line":41,"column":null}},"type":"if","locations":[{"start":{"line":41,"column":2},"end":{"line":41,"column":null}},{"start":{},"end":{}}],"line":41},"9":{"loc":{"start":{"line":47,"column":2},"end":{"line":47,"column":null}},"type":"if","locations":[{"start":{"line":47,"column":2},"end":{"line":47,"column":null}},{"start":{},"end":{}}],"line":47},"10":{"loc":{"start":{"line":61,"column":2},"end":{"line":63,"column":null}},"type":"if","locations":[{"start":{"line":61,"column":2},"end":{"line":63,"column":null}},{"start":{},"end":{}}],"line":61},"11":{"loc":{"start":{"line":66,"column":2},"end":{"line":68,"column":null}},"type":"if","locations":[{"start":{"line":66,"column":2},"end":{"line":68,"column":null}},{"start":{},"end":{}}],"line":66}},"s":{"0":5,"1":3,"2":2,"3":1,"4":1,"5":12,"6":8,"7":4,"8":9,"9":2,"10":7,"11":1,"12":6,"13":12,"14":2,"15":10,"16":1,"17":9,"18":3,"19":6,"20":6,"21":6,"22":1,"23":5,"24":5,"25":5,"26":5,"27":4,"28":5,"29":13,"30":12,"31":12,"32":12,"33":6,"34":6,"35":6,"36":1,"37":5},"f":{"0":5,"1":12,"2":9,"3":12,"4":6,"5":13},"b":{"0":[3,2],"1":[1,1],"2":[8,4],"3":[2,7],"4":[1,6],"5":[2,10],"6":[1,9],"7":[3,6],"8":[1,5],"9":[4,1],"10":[6,6],"11":[1,5]},"meta":{"lastBranch":12,"lastFunction":6,"lastStatement":38,"seen":{"f:15:9:15:24":0,"b:16:2:16:Infinity:undefined:undefined:undefined:undefined":0,"s:16:2:16:Infinity":0,"s:16:28:16:Infinity":1,"b:17:2:17:Infinity:undefined:undefined:undefined:undefined":1,"s:17:2:17:Infinity":2,"s:17:21:17:Infinity":3,"s:18:2:18:Infinity":4,"f:21:9:21:18":1,"b:22:2:22:Infinity:undefined:undefined:undefined:undefined":2,"s:22:2:22:Infinity":5,"s:22:14:22:Infinity":6,"s:23:2:23:Infinity":7,"f:26:9:26:19":2,"b:27:2:27:Infinity:undefined:undefined:undefined:undefined":3,"s:27:2:27:Infinity":8,"s:27:25:27:Infinity":9,"b:28:2:28:Infinity:undefined:undefined:undefined:undefined":4,"s:28:2:28:Infinity":10,"s:28:20:28:Infinity":11,"s:29:2:29:Infinity":12,"f:32:9:32:26":3,"b:33:2:33:Infinity:undefined:undefined:undefined:undefined":5,"s:33:2:33:Infinity":13,"s:33:30:33:Infinity":14,"b:34:2:34:Infinity:undefined:undefined:undefined:undefined":6,"s:34:2:34:Infinity":15,"s:34:23:34:Infinity":16,"b:35:2:35:Infinity:undefined:undefined:undefined:undefined":7,"s:35:2:35:Infinity":17,"s:35:25:35:Infinity":18,"s:36:2:36:Infinity":19,"f:39:9:39:22":4,"s:40:16:40:Infinity":20,"b:41:2:41:Infinity:undefined:undefined:undefined:undefined":8,"s:41:2:41:Infinity":21,"s:41:14:41:Infinity":22,"s:43:17:43:Infinity":23,"s:44:20:44:Infinity":24,"s:46:27:46:Infinity":25,"b:47:2:47:Infinity:undefined:undefined:undefined:undefined":9,"s:47:2:47:Infinity":26,"s:47:31:47:Infinity":27,"s:49:2:49:Infinity":28,"f:52:22:52:Infinity":5,"s:57:17:57:Infinity":29,"s:58:20:58:Infinity":30,"s:60:20:60:Infinity":31,"b:61:2:63:Infinity:undefined:undefined:undefined:undefined":10,"s:61:2:63:Infinity":32,"s:62:4:62:Infinity":33,"s:65:30:65:Infinity":34,"b:66:2:68:Infinity:undefined:undefined:undefined:undefined":11,"s:66:2:68:Infinity":35,"s:67:4:67:Infinity":36,"s:70:2:70:Infinity":37},"fnNames":{}}}
,"/home/max/workspace/allowance/src/render/terminal.ts": {"path":"/home/max/workspace/allowance/src/render/terminal.ts","statementMap":{"0":{"start":{"line":4,"column":16},"end":{"line":4,"column":null}},"1":{"start":{"line":5,"column":17},"end":{"line":5,"column":null}},"2":{"start":{"line":6,"column":15},"end":{"line":6,"column":null}},"3":{"start":{"line":7,"column":2},"end":{"line":7,"column":null}},"4":{"start":{"line":7,"column":15},"end":{"line":7,"column":null}},"5":{"start":{"line":8,"column":2},"end":{"line":8,"column":null}},"6":{"start":{"line":12,"column":12},"end":{"line":12,"column":null}},"7":{"start":{"line":13,"column":2},"end":{"line":15,"column":null}},"8":{"start":{"line":13,"column":15},"end":{"line":13,"column":18}},"9":{"start":{"line":14,"column":4},"end":{"line":14,"column":null}},"10":{"start":{"line":16,"column":2},"end":{"line":16,"column":null}},"11":{"start":{"line":20,"column":2},"end":{"line":20,"column":null}},"12":{"start":{"line":20,"column":15},"end":{"line":20,"column":null}},"13":{"start":{"line":21,"column":2},"end":{"line":21,"column":null}},"14":{"start":{"line":25,"column":15},"end":{"line":25,"column":null}},"15":{"start":{"line":26,"column":2},"end":{"line":26,"column":null}},"16":{"start":{"line":26,"column":15},"end":{"line":26,"column":null}},"17":{"start":{"line":27,"column":2},"end":{"line":27,"column":null}},"18":{"start":{"line":31,"column":22},"end":{"line":31,"column":null}},"19":{"start":{"line":32,"column":21},"end":{"line":32,"column":null}},"20":{"start":{"line":34,"column":19},"end":{"line":34,"column":null}},"21":{"start":{"line":35,"column":20},"end":{"line":35,"column":null}},"22":{"start":{"line":37,"column":17},"end":{"line":37,"column":null}},"23":{"start":{"line":38,"column":16},"end":{"line":38,"column":null}},"24":{"start":{"line":40,"column":2},"end":{"line":40,"column":null}},"25":{"start":{"line":44,"column":20},"end":{"line":44,"column":null}},"26":{"start":{"line":45,"column":2},"end":{"line":45,"column":null}},"27":{"start":{"line":49,"column":2},"end":{"line":49,"column":null}},"28":{"start":{"line":53,"column":14},"end":{"line":53,"column":null}},"29":{"start":{"line":54,"column":16},"end":{"line":54,"column":null}},"30":{"start":{"line":55,"column":2},"end":{"line":62,"column":null}},"31":{"start":{"line":56,"column":4},"end":{"line":56,"column":null}},"32":{"start":{"line":57,"column":4},"end":{"line":61,"column":null}},"33":{"start":{"line":58,"column":6},"end":{"line":58,"column":null}},"34":{"start":{"line":60,"column":6},"end":{"line":60,"column":null}},"35":{"start":{"line":64,"column":24},"end":{"line":64,"column":null}},"36":{"start":{"line":65,"column":18},"end":{"line":65,"column":null}},"37":{"start":{"line":66,"column":2},"end":{"line":66,"column":null}},"38":{"start":{"line":70,"column":15},"end":{"line":70,"column":null}},"39":{"start":{"line":71,"column":15},"end":{"line":71,"column":null}},"40":{"start":{"line":72,"column":18},"end":{"line":72,"column":null}},"41":{"start":{"line":73,"column":18},"end":{"line":73,"column":null}},"42":{"start":{"line":74,"column":21},"end":{"line":74,"column":null}},"43":{"start":{"line":75,"column":2},"end":{"line":75,"column":null}},"44":{"start":{"line":79,"column":15},"end":{"line":79,"column":null}},"45":{"start":{"line":80,"column":15},"end":{"line":80,"column":null}},"46":{"start":{"line":81,"column":17},"end":{"line":81,"column":null}},"47":{"start":{"line":83,"column":18},"end":{"line":83,"column":null}},"48":{"start":{"line":85,"column":2},"end":{"line":87,"column":null}},"49":{"start":{"line":86,"column":4},"end":{"line":86,"column":null}},"50":{"start":{"line":88,"column":2},"end":{"line":88,"column":null}},"51":{"start":{"line":92,"column":12},"end":{"line":92,"column":null}},"52":{"start":{"line":94,"column":2},"end":{"line":101,"column":null}},"53":{"start":{"line":95,"column":4},"end":{"line":95,"column":null}},"54":{"start":{"line":96,"column":4},"end":{"line":100,"column":null}},"55":{"start":{"line":97,"column":6},"end":{"line":97,"column":null}},"56":{"start":{"line":99,"column":6},"end":{"line":99,"column":null}},"57":{"start":{"line":103,"column":2},"end":{"line":103,"column":null}}},"fnMap":{"0":{"name":"renderBanner","decl":{"start":{"line":3,"column":16},"end":{"line":3,"column":29}},"loc":{"start":{"line":3,"column":69},"end":{"line":9,"column":null}},"line":3},"1":{"name":"repeatChar","decl":{"start":{"line":11,"column":9},"end":{"line":11,"column":20}},"loc":{"start":{"line":11,"column":57},"end":{"line":17,"column":null}},"line":11},"2":{"name":"getRuleChar","decl":{"start":{"line":19,"column":9},"end":{"line":19,"column":21}},"loc":{"start":{"line":19,"column":47},"end":{"line":22,"column":null}},"line":19},"3":{"name":"renderRule","decl":{"start":{"line":24,"column":16},"end":{"line":24,"column":27}},"loc":{"start":{"line":24,"column":53},"end":{"line":28,"column":null}},"line":24},"4":{"name":"renderGauge","decl":{"start":{"line":30,"column":16},"end":{"line":30,"column":28}},"loc":{"start":{"line":30,"column":89},"end":{"line":41,"column":null}},"line":30},"5":{"name":"renderEmptyGauge","decl":{"start":{"line":43,"column":16},"end":{"line":43,"column":33}},"loc":{"start":{"line":43,"column":59},"end":{"line":46,"column":null}},"line":43},"6":{"name":"formatBalance","decl":{"start":{"line":48,"column":9},"end":{"line":48,"column":23}},"loc":{"start":{"line":48,"column":65},"end":{"line":50,"column":null}},"line":48},"7":{"name":"buildBalLine","decl":{"start":{"line":52,"column":9},"end":{"line":52,"column":22}},"loc":{"start":{"line":52,"column":70},"end":{"line":67,"column":null}},"line":52},"8":{"name":"renderPanelOk","decl":{"start":{"line":69,"column":16},"end":{"line":69,"column":30}},"loc":{"start":{"line":69,"column":78},"end":{"line":76,"column":null}},"line":69},"9":{"name":"renderPanelUnavailable","decl":{"start":{"line":78,"column":16},"end":{"line":78,"column":39}},"loc":{"start":{"line":78,"column":87},"end":{"line":89,"column":null}},"line":78},"10":{"name":"renderDashboard","decl":{"start":{"line":91,"column":16},"end":{"line":91,"column":32}},"loc":{"start":{"line":91,"column":96},"end":{"line":104,"column":null}},"line":91}},"branchMap":{"0":{"loc":{"start":{"line":7,"column":2},"end":{"line":7,"column":null}},"type":"if","locations":[{"start":{"line":7,"column":2},"end":{"line":7,"column":null}},{"start":{},"end":{}}],"line":7},"1":{"loc":{"start":{"line":20,"column":2},"end":{"line":20,"column":null}},"type":"if","locations":[{"start":{"line":20,"column":2},"end":{"line":20,"column":null}},{"start":{},"end":{}}],"line":20},"2":{"loc":{"start":{"line":26,"column":2},"end":{"line":26,"column":null}},"type":"if","locations":[{"start":{"line":26,"column":2},"end":{"line":26,"column":null}},{"start":{},"end":{}}],"line":26},"3":{"loc":{"start":{"line":34,"column":19},"end":{"line":34,"column":null}},"type":"cond-expr","locations":[{"start":{"line":34,"column":29},"end":{"line":34,"column":35}},{"start":{"line":34,"column":35},"end":{"line":34,"column":null}}],"line":34},"4":{"loc":{"start":{"line":35,"column":20},"end":{"line":35,"column":null}},"type":"cond-expr","locations":[{"start":{"line":35,"column":30},"end":{"line":35,"column":36}},{"start":{"line":35,"column":36},"end":{"line":35,"column":null}}],"line":35},"5":{"loc":{"start":{"line":44,"column":20},"end":{"line":44,"column":null}},"type":"cond-expr","locations":[{"start":{"line":44,"column":30},"end":{"line":44,"column":36}},{"start":{"line":44,"column":36},"end":{"line":44,"column":null}}],"line":44},"6":{"loc":{"start":{"line":55,"column":2},"end":{"line":62,"column":null}},"type":"if","locations":[{"start":{"line":55,"column":2},"end":{"line":62,"column":null}},{"start":{},"end":{}}],"line":55},"7":{"loc":{"start":{"line":57,"column":4},"end":{"line":61,"column":null}},"type":"if","locations":[{"start":{"line":57,"column":4},"end":{"line":61,"column":null}},{"start":{"line":59,"column":11},"end":{"line":61,"column":null}}],"line":57},"8":{"loc":{"start":{"line":74,"column":21},"end":{"line":74,"column":null}},"type":"cond-expr","locations":[{"start":{"line":74,"column":31},"end":{"line":74,"column":41}},{"start":{"line":74,"column":41},"end":{"line":74,"column":null}}],"line":74},"9":{"loc":{"start":{"line":81,"column":17},"end":{"line":81,"column":null}},"type":"binary-expr","locations":[{"start":{"line":81,"column":17},"end":{"line":81,"column":33}},{"start":{"line":81,"column":33},"end":{"line":81,"column":null}}],"line":81},"10":{"loc":{"start":{"line":85,"column":2},"end":{"line":87,"column":null}},"type":"if","locations":[{"start":{"line":85,"column":2},"end":{"line":87,"column":null}},{"start":{},"end":{}}],"line":85},"11":{"loc":{"start":{"line":96,"column":4},"end":{"line":100,"column":null}},"type":"if","locations":[{"start":{"line":96,"column":4},"end":{"line":100,"column":null}},{"start":{"line":98,"column":11},"end":{"line":100,"column":null}}],"line":96}},"s":{"0":7,"1":7,"2":7,"3":7,"4":5,"5":2,"6":47,"7":47,"8":47,"9":1947,"10":47,"11":17,"12":13,"13":4,"14":17,"15":17,"16":13,"17":4,"18":9,"19":9,"20":9,"21":9,"22":9,"23":9,"24":9,"25":3,"26":3,"27":6,"28":9,"29":9,"30":9,"31":6,"32":6,"33":5,"34":1,"35":9,"36":9,"37":9,"38":9,"39":9,"40":9,"41":9,"42":9,"43":9,"44":6,"45":6,"46":6,"47":6,"48":6,"49":4,"50":2,"51":5,"52":5,"53":7,"54":7,"55":4,"56":3,"57":5},"f":{"0":7,"1":47,"2":17,"3":17,"4":9,"5":3,"6":6,"7":9,"8":9,"9":6,"10":5},"b":{"0":[5,2],"1":[13,4],"2":[13,4],"3":[7,2],"4":[7,2],"5":[2,1],"6":[6,3],"7":[5,1],"8":[8,1],"9":[6,3],"10":[4,2],"11":[4,3]},"meta":{"lastBranch":12,"lastFunction":11,"lastStatement":58,"seen":{"f:3:16:3:29":0,"s:4:16:4:Infinity":0,"s:5:17:5:Infinity":1,"s:6:15:6:Infinity":2,"b:7:2:7:Infinity:undefined:undefined:undefined:undefined":0,"s:7:2:7:Infinity":3,"s:7:15:7:Infinity":4,"s:8:2:8:Infinity":5,"f:11:9:11:20":1,"s:12:12:12:Infinity":6,"s:13:2:15:Infinity":7,"s:13:15:13:18":8,"s:14:4:14:Infinity":9,"s:16:2:16:Infinity":10,"f:19:9:19:21":2,"b:20:2:20:Infinity:undefined:undefined:undefined:undefined":1,"s:20:2:20:Infinity":11,"s:20:15:20:Infinity":12,"s:21:2:21:Infinity":13,"f:24:16:24:27":3,"s:25:15:25:Infinity":14,"b:26:2:26:Infinity:undefined:undefined:undefined:undefined":2,"s:26:2:26:Infinity":15,"s:26:15:26:Infinity":16,"s:27:2:27:Infinity":17,"f:30:16:30:28":4,"s:31:22:31:Infinity":18,"s:32:21:32:Infinity":19,"s:34:19:34:Infinity":20,"b:34:29:34:35:34:35:34:Infinity":3,"s:35:20:35:Infinity":21,"b:35:30:35:36:35:36:35:Infinity":4,"s:37:17:37:Infinity":22,"s:38:16:38:Infinity":23,"s:40:2:40:Infinity":24,"f:43:16:43:33":5,"s:44:20:44:Infinity":25,"b:44:30:44:36:44:36:44:Infinity":5,"s:45:2:45:Infinity":26,"f:48:9:48:23":6,"s:49:2:49:Infinity":27,"f:52:9:52:22":7,"s:53:14:53:Infinity":28,"s:54:16:54:Infinity":29,"b:55:2:62:Infinity:undefined:undefined:undefined:undefined":6,"s:55:2:62:Infinity":30,"s:56:4:56:Infinity":31,"b:57:4:61:Infinity:59:11:61:Infinity":7,"s:57:4:61:Infinity":32,"s:58:6:58:Infinity":33,"s:60:6:60:Infinity":34,"s:64:24:64:Infinity":35,"s:65:18:65:Infinity":36,"s:66:2:66:Infinity":37,"f:69:16:69:30":8,"s:70:15:70:Infinity":38,"s:71:15:71:Infinity":39,"s:72:18:72:Infinity":40,"s:73:18:73:Infinity":41,"s:74:21:74:Infinity":42,"b:74:31:74:41:74:41:74:Infinity":8,"s:75:2:75:Infinity":43,"f:78:16:78:39":9,"s:79:15:79:Infinity":44,"s:80:15:80:Infinity":45,"s:81:17:81:Infinity":46,"b:81:17:81:33:81:33:81:Infinity":9,"s:83:18:83:Infinity":47,"b:85:2:87:Infinity:undefined:undefined:undefined:undefined":10,"s:85:2:87:Infinity":48,"s:86:4:86:Infinity":49,"s:88:2:88:Infinity":50,"f:91:16:91:32":10,"s:92:12:92:Infinity":51,"s:94:2:101:Infinity":52,"s:95:4:95:Infinity":53,"b:96:4:100:Infinity:98:11:100:Infinity":11,"s:96:4:100:Infinity":54,"s:97:6:97:Infinity":55,"s:99:6:99:Infinity":56,"s:103:2:103:Infinity":57},"fnNames":{}}}
}
